Using pre-set license
Built from '2020.3/staging' branch; Version is '2020.3.26f1 (7298b473bc1a) revision 7510196'; Using compiler version '192528614'; Build Type 'Release'
OS: 'Windows 10  (10.0.19045) 64bit Education' Language: 'en' Physical Memory: 16221 MB
BatchMode: 1, IsHumanControllingUs: 0, StartBugReporterOnCrash: 0, Is64bit: 1, IsPro: 0

COMMAND LINE ARGUMENTS:
C:\Program Files\Unity\Hub\Editor\2020.3.26f1\Editor\Unity.exe
-adb2
-batchMode
-noUpm
-name
AssetImportWorker0
-projectPath
C:/Users/Jason/Documents/WaveShooter/WaveShooter
-logFile
Logs/AssetImportWorker0.log
-srvPort
54463
Successfully changed project path to: C:/Users/Jason/Documents/WaveShooter/WaveShooter
C:/Users/Jason/Documents/WaveShooter/WaveShooter
Using Asset Import Pipeline V2.
Refreshing native plugins compatible for Editor in 40.37 ms, found 2 plugins.
Preloading 0 native plugins for Editor in 0.00 ms.
Initialize engine version: 2020.3.26f1 (7298b473bc1a)
[Subsystems] Discovering subsystems at path C:/Program Files/Unity/Hub/Editor/2020.3.26f1/Editor/Data/Resources/UnitySubsystems
[Subsystems] Discovering subsystems at path C:/Users/Jason/Documents/WaveShooter/WaveShooter/Assets
GfxDevice: creating device client; threaded=0
Direct3D:
    Version:  Direct3D 11.0 [level 11.1]
    Renderer: NVIDIA GeForce GTX 1650 (ID=0x2188)
    Vendor:   
    VRAM:     3949 MB
    Driver:   31.0.15.3168
Initialize mono
Mono path[0] = 'C:/Program Files/Unity/Hub/Editor/2020.3.26f1/Editor/Data/Managed'
Mono path[1] = 'C:/Program Files/Unity/Hub/Editor/2020.3.26f1/Editor/Data/MonoBleedingEdge/lib/mono/unityjit'
Mono config path = 'C:/Program Files/Unity/Hub/Editor/2020.3.26f1/Editor/Data/MonoBleedingEdge/etc'
Using monoOptions --debugger-agent=transport=dt_socket,embedding=1,server=y,suspend=n,address=127.0.0.1:56028
Begin MonoManager ReloadAssembly
Registering precompiled unity dll's ...
Register platform support module: C:/Program Files/Unity/Hub/Editor/2020.3.26f1/Editor/Data/PlaybackEngines/WebGLSupport/UnityEditor.WebGL.Extensions.dll
Register platform support module: C:/Program Files/Unity/Hub/Editor/2020.3.26f1/Editor/Data/PlaybackEngines/WindowsStandaloneSupport/UnityEditor.WindowsStandalone.Extensions.dll
Registered in 0.001583 seconds.
Native extension for WindowsStandalone target not found
Native extension for WebGL target not found
Refreshing native plugins compatible for Editor in 41.07 ms, found 2 plugins.
Preloading 0 native plugins for Editor in 0.00 ms.
Mono: successfully reloaded assembly
- Completed reload, in  0.397 seconds
Domain Reload Profiling:
	ReloadAssembly (398ms)
		BeginReloadAssembly (33ms)
			ExecutionOrderSort (0ms)
			DisableScriptedObjects (0ms)
			BackupInstance (0ms)
			ReleaseScriptingObjects (0ms)
			CreateAndSetChildDomain (1ms)
		EndReloadAssembly (316ms)
			LoadAssemblies (32ms)
			RebuildTransferFunctionScriptingTraits (0ms)
			SetupTypeCache (97ms)
			ReleaseScriptCaches (0ms)
			RebuildScriptCaches (18ms)
			SetupLoadedEditorAssemblies (130ms)
				LogAssemblyErrors (0ms)
				InitializePlatformSupportModulesInManaged (4ms)
				SetLoadedEditorAssemblies (0ms)
				RefreshPlugins (41ms)
				BeforeProcessingInitializeOnLoad (9ms)
				ProcessInitializeOnLoadAttributes (57ms)
				ProcessInitializeOnLoadMethodAttributes (18ms)
				AfterProcessingInitializeOnLoad (0ms)
				EditorAssembliesLoaded (0ms)
			ExecutionOrderSort2 (0ms)
			AwakeInstancesAfterBackupRestoration (0ms)
Platform modules already initialized, skipping
Registering precompiled user dll's ...
Registered in 0.003569 seconds.
Begin MonoManager ReloadAssembly
Native extension for WindowsStandalone target not found
Native extension for WebGL target not found
Refreshing native plugins compatible for Editor in 41.90 ms, found 2 plugins.
Preloading 0 native plugins for Editor in 0.00 ms.
Mono: successfully reloaded assembly
- Completed reload, in  0.766 seconds
Domain Reload Profiling:
	ReloadAssembly (767ms)
		BeginReloadAssembly (88ms)
			ExecutionOrderSort (0ms)
			DisableScriptedObjects (3ms)
			BackupInstance (0ms)
			ReleaseScriptingObjects (0ms)
			CreateAndSetChildDomain (12ms)
		EndReloadAssembly (638ms)
			LoadAssemblies (60ms)
			RebuildTransferFunctionScriptingTraits (0ms)
			SetupTypeCache (208ms)
			ReleaseScriptCaches (0ms)
			RebuildScriptCaches (33ms)
			SetupLoadedEditorAssemblies (257ms)
				LogAssemblyErrors (0ms)
				InitializePlatformSupportModulesInManaged (3ms)
				SetLoadedEditorAssemblies (0ms)
				RefreshPlugins (42ms)
				BeforeProcessingInitializeOnLoad (65ms)
				ProcessInitializeOnLoadAttributes (137ms)
				ProcessInitializeOnLoadMethodAttributes (6ms)
				AfterProcessingInitializeOnLoad (4ms)
				EditorAssembliesLoaded (0ms)
			ExecutionOrderSort2 (0ms)
			AwakeInstancesAfterBackupRestoration (4ms)
Platform modules already initialized, skipping
========================================================================
Worker process is ready to serve import requests
Launched and connected shader compiler UnityShaderCompiler.exe after 0.02 seconds
Refreshing native plugins compatible for Editor in 0.43 ms, found 2 plugins.
Preloading 0 native plugins for Editor in 0.00 ms.
Unloading 3196 Unused Serialized files (Serialized files now loaded: 0)
System memory in use before: 146.5 MB.
System memory in use after: 146.7 MB.

Unloading 20 unused Assets to reduce memory usage. Loaded Objects now: 3632.
Total: 2.654200 ms (FindLiveObjects: 0.193500 ms CreateObjectMapping: 0.085300 ms MarkObjects: 2.283400 ms  DeleteObjects: 0.091300 ms)

AssetImportParameters requested are different than current active one (requested -> active):
  custom:framework-win-MediaFoundation: 216162199b28c13a410421893ffa2e32 -> 
  custom:video-decoder-ogg-theora: a1e56fd34408186e4bbccfd4996cb3dc -> 
  custom:container-muxer-webm: aa71ff27fc2769a1b78a27578f13a17b -> 
  custom:container-demuxer-webm: 4f35f7cbe854078d1ac9338744f61a02 -> 
  custom:container-demuxer-ogg: 62fdf1f143b41e24485cea50d1cbac27 -> 
  custom:video-encoder-webm-vp8: eb34c28f22e8b96e1ab97ce403110664 -> 
  custom:video-decoder-webm-vp8: 9c59270c3fd7afecdb556c50c9e8de78 -> 
  custom:audio-decoder-ogg-vorbis: bf7c407c2cedff20999df2af8eb42d56 -> 
  custom:audio-encoder-webm-vorbis: bf7c407c2cedff20999df2af8eb42d56 -> 
========================================================================
Received Import Request.
  path: Assets/Enemies/Particles
  artifactKey: Guid(c42710d8ff8b220498e965fe118b795b) Importer(815301076,1909f56bfc062723c751e8b465ee728b)
Start importing Assets/Enemies/Particles using Guid(c42710d8ff8b220498e965fe118b795b) Importer(815301076,1909f56bfc062723c751e8b465ee728b)  -> (artifact id: 'f0497605138d3ae124a34dd8ff7d20d7') in 0.008801 seconds 
  Import took 0.012456 seconds .

========================================================================
Received Import Request.
  Time since last request: 6.450132 seconds.
  path: Assets/Enemies/Particles/HeadshotParticles.prefab
  artifactKey: Guid(39d3101662a045f4287e7404ad19b8a5) Importer(815301076,1909f56bfc062723c751e8b465ee728b)
Start importing Assets/Enemies/Particles/HeadshotParticles.prefab using Guid(39d3101662a045f4287e7404ad19b8a5) Importer(815301076,1909f56bfc062723c751e8b465ee728b)  -> (artifact id: '6c8e780e97a3091fbde054eb9c830c75') in 0.173783 seconds 
  Import took 0.178245 seconds .

========================================================================
Received Import Request.
  Time since last request: 0.000135 seconds.
  path: Assets/Enemies/Particles/HeadshotParticles.prefab
  artifactKey: Guid(39d3101662a045f4287e7404ad19b8a5) Importer(815301076,1909f56bfc062723c751e8b465ee728b)
Start importing Assets/Enemies/Particles/HeadshotParticles.prefab using Guid(39d3101662a045f4287e7404ad19b8a5) Importer(815301076,1909f56bfc062723c751e8b465ee728b)  -> (artifact id: '6c8e780e97a3091fbde054eb9c830c75') in 0.006404 seconds 
  Import took 0.010026 seconds .

========================================================================
Received Import Request.
  Time since last request: 6.166224 seconds.
  path: Assets/Enemies/ParticleHandler.cs
  artifactKey: Guid(20b8f81b272bae1469d9b654fc617374) Importer(815301076,1909f56bfc062723c751e8b465ee728b)
Start importing Assets/Enemies/ParticleHandler.cs using Guid(20b8f81b272bae1469d9b654fc617374) Importer(815301076,1909f56bfc062723c751e8b465ee728b)  -> (artifact id: 'e792b256f62a0c8b90bf275f2a05e26f') in 0.015470 seconds 
  Import took 0.019079 seconds .

========================================================================
Received Prepare
Registering precompiled user dll's ...
Registered in 0.003119 seconds.
Begin MonoManager ReloadAssembly
Native extension for WindowsStandalone target not found
Native extension for WebGL target not found
Refreshing native plugins compatible for Editor in 0.43 ms, found 2 plugins.
Preloading 0 native plugins for Editor in 0.00 ms.
Mono: successfully reloaded assembly
- Completed reload, in  0.730 seconds
Domain Reload Profiling:
	ReloadAssembly (730ms)
		BeginReloadAssembly (114ms)
			ExecutionOrderSort (0ms)
			DisableScriptedObjects (4ms)
			BackupInstance (0ms)
			ReleaseScriptingObjects (0ms)
			CreateAndSetChildDomain (35ms)
		EndReloadAssembly (574ms)
			LoadAssemblies (62ms)
			RebuildTransferFunctionScriptingTraits (0ms)
			SetupTypeCache (194ms)
			ReleaseScriptCaches (1ms)
			RebuildScriptCaches (25ms)
			SetupLoadedEditorAssemblies (208ms)
				LogAssemblyErrors (0ms)
				InitializePlatformSupportModulesInManaged (3ms)
				SetLoadedEditorAssemblies (0ms)
				RefreshPlugins (0ms)
				BeforeProcessingInitializeOnLoad (70ms)
				ProcessInitializeOnLoadAttributes (124ms)
				ProcessInitializeOnLoadMethodAttributes (6ms)
				AfterProcessingInitializeOnLoad (4ms)
				EditorAssembliesLoaded (0ms)
			ExecutionOrderSort2 (0ms)
			AwakeInstancesAfterBackupRestoration (10ms)
Platform modules already initialized, skipping
Refreshing native plugins compatible for Editor in 0.44 ms, found 2 plugins.
Preloading 0 native plugins for Editor in 0.00 ms.
Unloading 3051 Unused Serialized files (Serialized files now loaded: 0)
System memory in use before: 141.0 MB.
System memory in use after: 141.2 MB.

Unloading 16 unused Assets to reduce memory usage. Loaded Objects now: 3679.
Total: 2.565800 ms (FindLiveObjects: 0.254500 ms CreateObjectMapping: 0.097800 ms MarkObjects: 2.149800 ms  DeleteObjects: 0.062400 ms)

AssetImportParameters requested are different than current active one (requested -> active):
  custom:framework-win-MediaFoundation: 216162199b28c13a410421893ffa2e32 -> 
  custom:video-decoder-ogg-theora: a1e56fd34408186e4bbccfd4996cb3dc -> 
  custom:container-muxer-webm: aa71ff27fc2769a1b78a27578f13a17b -> 
  custom:container-demuxer-webm: 4f35f7cbe854078d1ac9338744f61a02 -> 
  custom:container-demuxer-ogg: 62fdf1f143b41e24485cea50d1cbac27 -> 
  custom:video-encoder-webm-vp8: eb34c28f22e8b96e1ab97ce403110664 -> 
  custom:video-decoder-webm-vp8: 9c59270c3fd7afecdb556c50c9e8de78 -> 
  custom:audio-decoder-ogg-vorbis: bf7c407c2cedff20999df2af8eb42d56 -> 
  custom:audio-encoder-webm-vorbis: bf7c407c2cedff20999df2af8eb42d56 -> 
========================================================================
Received Prepare
Registering precompiled user dll's ...
Registered in 0.004182 seconds.
Begin MonoManager ReloadAssembly
Native extension for WindowsStandalone target not found
Native extension for WebGL target not found
Refreshing native plugins compatible for Editor in 0.66 ms, found 2 plugins.
Preloading 0 native plugins for Editor in 0.00 ms.
Mono: successfully reloaded assembly
- Completed reload, in  0.777 seconds
Domain Reload Profiling:
	ReloadAssembly (778ms)
		BeginReloadAssembly (92ms)
			ExecutionOrderSort (0ms)
			DisableScriptedObjects (3ms)
			BackupInstance (0ms)
			ReleaseScriptingObjects (0ms)
			CreateAndSetChildDomain (28ms)
		EndReloadAssembly (644ms)
			LoadAssemblies (64ms)
			RebuildTransferFunctionScriptingTraits (0ms)
			SetupTypeCache (221ms)
			ReleaseScriptCaches (1ms)
			RebuildScriptCaches (31ms)
			SetupLoadedEditorAssemblies (232ms)
				LogAssemblyErrors (0ms)
				InitializePlatformSupportModulesInManaged (4ms)
				SetLoadedEditorAssemblies (0ms)
				RefreshPlugins (1ms)
				BeforeProcessingInitializeOnLoad (76ms)
				ProcessInitializeOnLoadAttributes (139ms)
				ProcessInitializeOnLoadMethodAttributes (7ms)
				AfterProcessingInitializeOnLoad (5ms)
				EditorAssembliesLoaded (0ms)
			ExecutionOrderSort2 (0ms)
			AwakeInstancesAfterBackupRestoration (11ms)
Platform modules already initialized, skipping
Refreshing native plugins compatible for Editor in 0.64 ms, found 2 plugins.
Preloading 0 native plugins for Editor in 0.00 ms.
Unloading 3051 Unused Serialized files (Serialized files now loaded: 0)
System memory in use before: 141.0 MB.
System memory in use after: 141.3 MB.

Unloading 15 unused Assets to reduce memory usage. Loaded Objects now: 3681.
Total: 2.488000 ms (FindLiveObjects: 0.243800 ms CreateObjectMapping: 0.101300 ms MarkObjects: 2.124800 ms  DeleteObjects: 0.017200 ms)

AssetImportParameters requested are different than current active one (requested -> active):
  custom:framework-win-MediaFoundation: 216162199b28c13a410421893ffa2e32 -> 
  custom:video-decoder-ogg-theora: a1e56fd34408186e4bbccfd4996cb3dc -> 
  custom:container-muxer-webm: aa71ff27fc2769a1b78a27578f13a17b -> 
  custom:container-demuxer-webm: 4f35f7cbe854078d1ac9338744f61a02 -> 
  custom:container-demuxer-ogg: 62fdf1f143b41e24485cea50d1cbac27 -> 
  custom:video-encoder-webm-vp8: eb34c28f22e8b96e1ab97ce403110664 -> 
  custom:video-decoder-webm-vp8: 9c59270c3fd7afecdb556c50c9e8de78 -> 
  custom:audio-decoder-ogg-vorbis: bf7c407c2cedff20999df2af8eb42d56 -> 
  custom:audio-encoder-webm-vorbis: bf7c407c2cedff20999df2af8eb42d56 -> 
========================================================================
Received Prepare
Registering precompiled user dll's ...
Registered in 0.003504 seconds.
Begin MonoManager ReloadAssembly
Native extension for WindowsStandalone target not found
Native extension for WebGL target not found
Refreshing native plugins compatible for Editor in 0.44 ms, found 2 plugins.
Preloading 0 native plugins for Editor in 0.00 ms.
Mono: successfully reloaded assembly
- Completed reload, in  0.727 seconds
Domain Reload Profiling:
	ReloadAssembly (728ms)
		BeginReloadAssembly (82ms)
			ExecutionOrderSort (0ms)
			DisableScriptedObjects (3ms)
			BackupInstance (0ms)
			ReleaseScriptingObjects (0ms)
			CreateAndSetChildDomain (23ms)
		EndReloadAssembly (604ms)
			LoadAssemblies (61ms)
			RebuildTransferFunctionScriptingTraits (0ms)
			SetupTypeCache (207ms)
			ReleaseScriptCaches (1ms)
			RebuildScriptCaches (28ms)
			SetupLoadedEditorAssemblies (216ms)
				LogAssemblyErrors (0ms)
				InitializePlatformSupportModulesInManaged (4ms)
				SetLoadedEditorAssemblies (0ms)
				RefreshPlugins (0ms)
				BeforeProcessingInitializeOnLoad (69ms)
				ProcessInitializeOnLoadAttributes (132ms)
				ProcessInitializeOnLoadMethodAttributes (6ms)
				AfterProcessingInitializeOnLoad (4ms)
				EditorAssembliesLoaded (0ms)
			ExecutionOrderSort2 (0ms)
			AwakeInstancesAfterBackupRestoration (9ms)
Platform modules already initialized, skipping
Refreshing native plugins compatible for Editor in 0.47 ms, found 2 plugins.
Preloading 0 native plugins for Editor in 0.00 ms.
Unloading 3051 Unused Serialized files (Serialized files now loaded: 0)
System memory in use before: 141.0 MB.
System memory in use after: 141.3 MB.

Unloading 15 unused Assets to reduce memory usage. Loaded Objects now: 3683.
Total: 5.045700 ms (FindLiveObjects: 0.717500 ms CreateObjectMapping: 0.423500 ms MarkObjects: 3.881700 ms  DeleteObjects: 0.021400 ms)

AssetImportParameters requested are different than current active one (requested -> active):
  custom:framework-win-MediaFoundation: 216162199b28c13a410421893ffa2e32 -> 
  custom:video-decoder-ogg-theora: a1e56fd34408186e4bbccfd4996cb3dc -> 
  custom:container-muxer-webm: aa71ff27fc2769a1b78a27578f13a17b -> 
  custom:container-demuxer-webm: 4f35f7cbe854078d1ac9338744f61a02 -> 
  custom:container-demuxer-ogg: 62fdf1f143b41e24485cea50d1cbac27 -> 
  custom:video-encoder-webm-vp8: eb34c28f22e8b96e1ab97ce403110664 -> 
  custom:video-decoder-webm-vp8: 9c59270c3fd7afecdb556c50c9e8de78 -> 
  custom:audio-decoder-ogg-vorbis: bf7c407c2cedff20999df2af8eb42d56 -> 
  custom:audio-encoder-webm-vorbis: bf7c407c2cedff20999df2af8eb42d56 -> 
========================================================================
Received Import Request.
  Time since last request: 209.936295 seconds.
  path: Assets/Enemies/Particles/HeadshotParticles.prefab
  artifactKey: Guid(39d3101662a045f4287e7404ad19b8a5) Importer(815301076,1909f56bfc062723c751e8b465ee728b)
Start importing Assets/Enemies/Particles/HeadshotParticles.prefab using Guid(39d3101662a045f4287e7404ad19b8a5) Importer(815301076,1909f56bfc062723c751e8b465ee728b)  -> (artifact id: '2d1eb0bfd2ff5da5007413026fc71986') in 0.141511 seconds 
  Import took 0.145576 seconds .

========================================================================
Received Prepare
Registering precompiled user dll's ...
Registered in 0.003003 seconds.
Begin MonoManager ReloadAssembly
Native extension for WindowsStandalone target not found
Native extension for WebGL target not found
Refreshing native plugins compatible for Editor in 0.43 ms, found 2 plugins.
Preloading 0 native plugins for Editor in 0.00 ms.
Mono: successfully reloaded assembly
- Completed reload, in  0.745 seconds
Domain Reload Profiling:
	ReloadAssembly (745ms)
		BeginReloadAssembly (78ms)
			ExecutionOrderSort (0ms)
			DisableScriptedObjects (4ms)
			BackupInstance (0ms)
			ReleaseScriptingObjects (0ms)
			CreateAndSetChildDomain (25ms)
		EndReloadAssembly (622ms)
			LoadAssemblies (62ms)
			RebuildTransferFunctionScriptingTraits (0ms)
			SetupTypeCache (211ms)
			ReleaseScriptCaches (1ms)
			RebuildScriptCaches (26ms)
			SetupLoadedEditorAssemblies (226ms)
				LogAssemblyErrors (0ms)
				InitializePlatformSupportModulesInManaged (3ms)
				SetLoadedEditorAssemblies (0ms)
				RefreshPlugins (0ms)
				BeforeProcessingInitializeOnLoad (78ms)
				ProcessInitializeOnLoadAttributes (130ms)
				ProcessInitializeOnLoadMethodAttributes (7ms)
				AfterProcessingInitializeOnLoad (7ms)
				EditorAssembliesLoaded (0ms)
			ExecutionOrderSort2 (0ms)
			AwakeInstancesAfterBackupRestoration (16ms)
Platform modules already initialized, skipping
Refreshing native plugins compatible for Editor in 0.49 ms, found 2 plugins.
Preloading 0 native plugins for Editor in 0.00 ms.
Unloading 3051 Unused Serialized files (Serialized files now loaded: 0)
System memory in use before: 141.2 MB.
System memory in use after: 141.4 MB.

Unloading 16 unused Assets to reduce memory usage. Loaded Objects now: 3721.
Total: 2.578400 ms (FindLiveObjects: 0.284400 ms CreateObjectMapping: 0.099100 ms MarkObjects: 2.142500 ms  DeleteObjects: 0.050800 ms)

AssetImportParameters requested are different than current active one (requested -> active):
  custom:framework-win-MediaFoundation: 216162199b28c13a410421893ffa2e32 -> 
  custom:video-decoder-ogg-theora: a1e56fd34408186e4bbccfd4996cb3dc -> 
  custom:container-muxer-webm: aa71ff27fc2769a1b78a27578f13a17b -> 
  custom:container-demuxer-webm: 4f35f7cbe854078d1ac9338744f61a02 -> 
  custom:container-demuxer-ogg: 62fdf1f143b41e24485cea50d1cbac27 -> 
  custom:video-encoder-webm-vp8: eb34c28f22e8b96e1ab97ce403110664 -> 
  custom:video-decoder-webm-vp8: 9c59270c3fd7afecdb556c50c9e8de78 -> 
  custom:audio-decoder-ogg-vorbis: bf7c407c2cedff20999df2af8eb42d56 -> 
  custom:audio-encoder-webm-vorbis: bf7c407c2cedff20999df2af8eb42d56 -> 
========================================================================
Received Import Request.
  Time since last request: 30.848546 seconds.
  path: Assets/Vessel/VesselMaterial.physicMaterial
  artifactKey: Guid(25ca4890c212b814bb7f83d73990d71d) Importer(815301076,1909f56bfc062723c751e8b465ee728b)
Start importing Assets/Vessel/VesselMaterial.physicMaterial using Guid(25ca4890c212b814bb7f83d73990d71d) Importer(815301076,1909f56bfc062723c751e8b465ee728b)  -> (artifact id: 'ea8162b391fa598add4538d48b721988') in 0.022392 seconds 
  Import took 0.026103 seconds .

========================================================================
Received Prepare
Registering precompiled user dll's ...
Registered in 0.002958 seconds.
Begin MonoManager ReloadAssembly
Native extension for WindowsStandalone target not found
Native extension for WebGL target not found
Refreshing native plugins compatible for Editor in 0.42 ms, found 2 plugins.
Preloading 0 native plugins for Editor in 0.00 ms.
Mono: successfully reloaded assembly
- Completed reload, in  0.720 seconds
Domain Reload Profiling:
	ReloadAssembly (720ms)
		BeginReloadAssembly (92ms)
			ExecutionOrderSort (0ms)
			DisableScriptedObjects (3ms)
			BackupInstance (0ms)
			ReleaseScriptingObjects (0ms)
			CreateAndSetChildDomain (24ms)
		EndReloadAssembly (585ms)
			LoadAssemblies (63ms)
			RebuildTransferFunctionScriptingTraits (0ms)
			SetupTypeCache (197ms)
			ReleaseScriptCaches (1ms)
			RebuildScriptCaches (28ms)
			SetupLoadedEditorAssemblies (211ms)
				LogAssemblyErrors (0ms)
				InitializePlatformSupportModulesInManaged (3ms)
				SetLoadedEditorAssemblies (0ms)
				RefreshPlugins (0ms)
				BeforeProcessingInitializeOnLoad (67ms)
				ProcessInitializeOnLoadAttributes (130ms)
				ProcessInitializeOnLoadMethodAttributes (5ms)
				AfterProcessingInitializeOnLoad (4ms)
				EditorAssembliesLoaded (0ms)
			ExecutionOrderSort2 (0ms)
			AwakeInstancesAfterBackupRestoration (11ms)
Platform modules already initialized, skipping
Refreshing native plugins compatible for Editor in 0.46 ms, found 2 plugins.
Preloading 0 native plugins for Editor in 0.00 ms.
Unloading 3051 Unused Serialized files (Serialized files now loaded: 0)
System memory in use before: 141.2 MB.
System memory in use after: 141.4 MB.

Unloading 15 unused Assets to reduce memory usage. Loaded Objects now: 3723.
Total: 2.221300 ms (FindLiveObjects: 0.194300 ms CreateObjectMapping: 0.095800 ms MarkObjects: 1.915100 ms  DeleteObjects: 0.015300 ms)

AssetImportParameters requested are different than current active one (requested -> active):
  custom:framework-win-MediaFoundation: 216162199b28c13a410421893ffa2e32 -> 
  custom:video-decoder-ogg-theora: a1e56fd34408186e4bbccfd4996cb3dc -> 
  custom:container-muxer-webm: aa71ff27fc2769a1b78a27578f13a17b -> 
  custom:container-demuxer-webm: 4f35f7cbe854078d1ac9338744f61a02 -> 
  custom:container-demuxer-ogg: 62fdf1f143b41e24485cea50d1cbac27 -> 
  custom:video-encoder-webm-vp8: eb34c28f22e8b96e1ab97ce403110664 -> 
  custom:video-decoder-webm-vp8: 9c59270c3fd7afecdb556c50c9e8de78 -> 
  custom:audio-decoder-ogg-vorbis: bf7c407c2cedff20999df2af8eb42d56 -> 
  custom:audio-encoder-webm-vorbis: bf7c407c2cedff20999df2af8eb42d56 -> 
========================================================================
Received Import Request.
  Time since last request: 34.463000 seconds.
  path: Assets/Vessel/VesselMaterial.physicMaterial
  artifactKey: Guid(25ca4890c212b814bb7f83d73990d71d) Importer(815301076,1909f56bfc062723c751e8b465ee728b)
Start importing Assets/Vessel/VesselMaterial.physicMaterial using Guid(25ca4890c212b814bb7f83d73990d71d) Importer(815301076,1909f56bfc062723c751e8b465ee728b)  -> (artifact id: '492ecb870d54810680e6e8eea5ca2789') in 0.016792 seconds 
  Import took 0.020487 seconds .

========================================================================
Received Prepare
Registering precompiled user dll's ...
Registered in 0.002970 seconds.
Begin MonoManager ReloadAssembly
Native extension for WindowsStandalone target not found
Native extension for WebGL target not found
Refreshing native plugins compatible for Editor in 0.42 ms, found 2 plugins.
Preloading 0 native plugins for Editor in 0.00 ms.
Mono: successfully reloaded assembly
- Completed reload, in  0.776 seconds
Domain Reload Profiling:
	ReloadAssembly (777ms)
		BeginReloadAssembly (85ms)
			ExecutionOrderSort (0ms)
			DisableScriptedObjects (3ms)
			BackupInstance (0ms)
			ReleaseScriptingObjects (0ms)
			CreateAndSetChildDomain (25ms)
		EndReloadAssembly (648ms)
			LoadAssemblies (66ms)
			RebuildTransferFunctionScriptingTraits (0ms)
			SetupTypeCache (220ms)
			ReleaseScriptCaches (1ms)
			RebuildScriptCaches (27ms)
			SetupLoadedEditorAssemblies (232ms)
				LogAssemblyErrors (0ms)
				InitializePlatformSupportModulesInManaged (3ms)
				SetLoadedEditorAssemblies (0ms)
				RefreshPlugins (0ms)
				BeforeProcessingInitializeOnLoad (78ms)
				ProcessInitializeOnLoadAttributes (136ms)
				ProcessInitializeOnLoadMethodAttributes (8ms)
				AfterProcessingInitializeOnLoad (6ms)
				EditorAssembliesLoaded (0ms)
			ExecutionOrderSort2 (0ms)
			AwakeInstancesAfterBackupRestoration (12ms)
Platform modules already initialized, skipping
Refreshing native plugins compatible for Editor in 0.45 ms, found 2 plugins.
Preloading 0 native plugins for Editor in 0.00 ms.
Unloading 3051 Unused Serialized files (Serialized files now loaded: 0)
System memory in use before: 141.2 MB.
System memory in use after: 141.4 MB.

Unloading 15 unused Assets to reduce memory usage. Loaded Objects now: 3725.
Total: 2.485600 ms (FindLiveObjects: 0.171500 ms CreateObjectMapping: 0.073400 ms MarkObjects: 2.222700 ms  DeleteObjects: 0.016500 ms)

AssetImportParameters requested are different than current active one (requested -> active):
  custom:framework-win-MediaFoundation: 216162199b28c13a410421893ffa2e32 -> 
  custom:video-decoder-ogg-theora: a1e56fd34408186e4bbccfd4996cb3dc -> 
  custom:container-muxer-webm: aa71ff27fc2769a1b78a27578f13a17b -> 
  custom:container-demuxer-webm: 4f35f7cbe854078d1ac9338744f61a02 -> 
  custom:container-demuxer-ogg: 62fdf1f143b41e24485cea50d1cbac27 -> 
  custom:video-encoder-webm-vp8: eb34c28f22e8b96e1ab97ce403110664 -> 
  custom:video-decoder-webm-vp8: 9c59270c3fd7afecdb556c50c9e8de78 -> 
  custom:audio-decoder-ogg-vorbis: bf7c407c2cedff20999df2af8eb42d56 -> 
  custom:audio-encoder-webm-vorbis: bf7c407c2cedff20999df2af8eb42d56 -> 
========================================================================
Received Prepare
Registering precompiled user dll's ...
Registered in 0.003179 seconds.
Begin MonoManager ReloadAssembly
Native extension for WindowsStandalone target not found
Native extension for WebGL target not found
Refreshing native plugins compatible for Editor in 0.45 ms, found 2 plugins.
Preloading 0 native plugins for Editor in 0.00 ms.
Mono: successfully reloaded assembly
- Completed reload, in  0.734 seconds
Domain Reload Profiling:
	ReloadAssembly (735ms)
		BeginReloadAssembly (87ms)
			ExecutionOrderSort (0ms)
			DisableScriptedObjects (3ms)
			BackupInstance (0ms)
			ReleaseScriptingObjects (0ms)
			CreateAndSetChildDomain (24ms)
		EndReloadAssembly (606ms)
			LoadAssemblies (62ms)
			RebuildTransferFunctionScriptingTraits (0ms)
			SetupTypeCache (212ms)
			ReleaseScriptCaches (1ms)
			RebuildScriptCaches (27ms)
			SetupLoadedEditorAssemblies (213ms)
				LogAssemblyErrors (0ms)
				InitializePlatformSupportModulesInManaged (3ms)
				SetLoadedEditorAssemblies (0ms)
				RefreshPlugins (0ms)
				BeforeProcessingInitializeOnLoad (67ms)
				ProcessInitializeOnLoadAttributes (132ms)
				ProcessInitializeOnLoadMethodAttributes (6ms)
				AfterProcessingInitializeOnLoad (4ms)
				EditorAssembliesLoaded (0ms)
			ExecutionOrderSort2 (0ms)
			AwakeInstancesAfterBackupRestoration (11ms)
Platform modules already initialized, skipping
Refreshing native plugins compatible for Editor in 0.45 ms, found 2 plugins.
Preloading 0 native plugins for Editor in 0.00 ms.
Unloading 3051 Unused Serialized files (Serialized files now loaded: 0)
System memory in use before: 141.2 MB.
System memory in use after: 141.5 MB.

Unloading 15 unused Assets to reduce memory usage. Loaded Objects now: 3727.
Total: 2.748500 ms (FindLiveObjects: 0.284200 ms CreateObjectMapping: 0.131500 ms MarkObjects: 2.312600 ms  DeleteObjects: 0.019200 ms)

AssetImportParameters requested are different than current active one (requested -> active):
  custom:framework-win-MediaFoundation: 216162199b28c13a410421893ffa2e32 -> 
  custom:video-decoder-ogg-theora: a1e56fd34408186e4bbccfd4996cb3dc -> 
  custom:container-muxer-webm: aa71ff27fc2769a1b78a27578f13a17b -> 
  custom:container-demuxer-webm: 4f35f7cbe854078d1ac9338744f61a02 -> 
  custom:container-demuxer-ogg: 62fdf1f143b41e24485cea50d1cbac27 -> 
  custom:video-encoder-webm-vp8: eb34c28f22e8b96e1ab97ce403110664 -> 
  custom:video-decoder-webm-vp8: 9c59270c3fd7afecdb556c50c9e8de78 -> 
  custom:audio-decoder-ogg-vorbis: bf7c407c2cedff20999df2af8eb42d56 -> 
  custom:audio-encoder-webm-vorbis: bf7c407c2cedff20999df2af8eb42d56 -> 
========================================================================
Received Prepare
Registering precompiled user dll's ...
Registered in 0.003652 seconds.
Begin MonoManager ReloadAssembly
Native extension for WindowsStandalone target not found
Native extension for WebGL target not found
Refreshing native plugins compatible for Editor in 0.44 ms, found 2 plugins.
Preloading 0 native plugins for Editor in 0.00 ms.
Mono: successfully reloaded assembly
- Completed reload, in  0.723 seconds
Domain Reload Profiling:
	ReloadAssembly (724ms)
		BeginReloadAssembly (86ms)
			ExecutionOrderSort (0ms)
			DisableScriptedObjects (3ms)
			BackupInstance (0ms)
			ReleaseScriptingObjects (0ms)
			CreateAndSetChildDomain (23ms)
		EndReloadAssembly (594ms)
			LoadAssemblies (60ms)
			RebuildTransferFunctionScriptingTraits (0ms)
			SetupTypeCache (202ms)
			ReleaseScriptCaches (1ms)
			RebuildScriptCaches (28ms)
			SetupLoadedEditorAssemblies (211ms)
				LogAssemblyErrors (0ms)
				InitializePlatformSupportModulesInManaged (3ms)
				SetLoadedEditorAssemblies (0ms)
				RefreshPlugins (0ms)
				BeforeProcessingInitializeOnLoad (71ms)
				ProcessInitializeOnLoadAttributes (127ms)
				ProcessInitializeOnLoadMethodAttributes (5ms)
				AfterProcessingInitializeOnLoad (4ms)
				EditorAssembliesLoaded (0ms)
			ExecutionOrderSort2 (0ms)
			AwakeInstancesAfterBackupRestoration (11ms)
Platform modules already initialized, skipping
Refreshing native plugins compatible for Editor in 0.45 ms, found 2 plugins.
Preloading 0 native plugins for Editor in 0.00 ms.
Unloading 3051 Unused Serialized files (Serialized files now loaded: 0)
System memory in use before: 141.2 MB.
System memory in use after: 141.5 MB.

Unloading 15 unused Assets to reduce memory usage. Loaded Objects now: 3729.
Total: 2.112300 ms (FindLiveObjects: 0.170100 ms CreateObjectMapping: 0.071100 ms MarkObjects: 1.858600 ms  DeleteObjects: 0.011900 ms)

AssetImportParameters requested are different than current active one (requested -> active):
  custom:framework-win-MediaFoundation: 216162199b28c13a410421893ffa2e32 -> 
  custom:video-decoder-ogg-theora: a1e56fd34408186e4bbccfd4996cb3dc -> 
  custom:container-muxer-webm: aa71ff27fc2769a1b78a27578f13a17b -> 
  custom:container-demuxer-webm: 4f35f7cbe854078d1ac9338744f61a02 -> 
  custom:container-demuxer-ogg: 62fdf1f143b41e24485cea50d1cbac27 -> 
  custom:video-encoder-webm-vp8: eb34c28f22e8b96e1ab97ce403110664 -> 
  custom:video-decoder-webm-vp8: 9c59270c3fd7afecdb556c50c9e8de78 -> 
  custom:audio-decoder-ogg-vorbis: bf7c407c2cedff20999df2af8eb42d56 -> 
  custom:audio-encoder-webm-vorbis: bf7c407c2cedff20999df2af8eb42d56 -> 
========================================================================
Received Import Request.
  Time since last request: 319.146356 seconds.
  path: Assets/Materials/GroundTest.physicMaterial
  artifactKey: Guid(d78440a65cb13304987e00f2304d1409) Importer(815301076,1909f56bfc062723c751e8b465ee728b)
Start importing Assets/Materials/GroundTest.physicMaterial using Guid(d78440a65cb13304987e00f2304d1409) Importer(815301076,1909f56bfc062723c751e8b465ee728b)  -> (artifact id: '38b098303066a2b055c78df23ed4b3bd') in 0.040579 seconds 
  Import took 0.044647 seconds .

========================================================================
Received Import Request.
  Time since last request: 5.655844 seconds.
  path: Assets/Materials/GroundTest.physicMaterial
  artifactKey: Guid(d78440a65cb13304987e00f2304d1409) Importer(815301076,1909f56bfc062723c751e8b465ee728b)
Start importing Assets/Materials/GroundTest.physicMaterial using Guid(d78440a65cb13304987e00f2304d1409) Importer(815301076,1909f56bfc062723c751e8b465ee728b)  -> (artifact id: '5ff01b2d6c8d8138b6706fa5d90f7868') in 0.001898 seconds 
  Import took 0.005393 seconds .

========================================================================
Received Prepare
Registering precompiled user dll's ...
Registered in 0.002873 seconds.
Begin MonoManager ReloadAssembly
Native extension for WindowsStandalone target not found
Native extension for WebGL target not found
Refreshing native plugins compatible for Editor in 0.41 ms, found 2 plugins.
Preloading 0 native plugins for Editor in 0.00 ms.
Mono: successfully reloaded assembly
- Completed reload, in  0.710 seconds
Domain Reload Profiling:
	ReloadAssembly (710ms)
		BeginReloadAssembly (83ms)
			ExecutionOrderSort (0ms)
			DisableScriptedObjects (3ms)
			BackupInstance (0ms)
			ReleaseScriptingObjects (0ms)
			CreateAndSetChildDomain (25ms)
		EndReloadAssembly (587ms)
			LoadAssemblies (64ms)
			RebuildTransferFunctionScriptingTraits (0ms)
			SetupTypeCache (200ms)
			ReleaseScriptCaches (1ms)
			RebuildScriptCaches (25ms)
			SetupLoadedEditorAssemblies (210ms)
				LogAssemblyErrors (0ms)
				InitializePlatformSupportModulesInManaged (3ms)
				SetLoadedEditorAssemblies (0ms)
				RefreshPlugins (0ms)
				BeforeProcessingInitializeOnLoad (70ms)
				ProcessInitializeOnLoadAttributes (127ms)
				ProcessInitializeOnLoadMethodAttributes (5ms)
				AfterProcessingInitializeOnLoad (4ms)
				EditorAssembliesLoaded (0ms)
			ExecutionOrderSort2 (0ms)
			AwakeInstancesAfterBackupRestoration (10ms)
Platform modules already initialized, skipping
Refreshing native plugins compatible for Editor in 0.46 ms, found 2 plugins.
Preloading 0 native plugins for Editor in 0.00 ms.
Unloading 3051 Unused Serialized files (Serialized files now loaded: 0)
System memory in use before: 141.2 MB.
System memory in use after: 141.5 MB.

Unloading 15 unused Assets to reduce memory usage. Loaded Objects now: 3731.
Total: 2.258400 ms (FindLiveObjects: 0.175900 ms CreateObjectMapping: 0.076200 ms MarkObjects: 1.991200 ms  DeleteObjects: 0.014300 ms)

AssetImportParameters requested are different than current active one (requested -> active):
  custom:framework-win-MediaFoundation: 216162199b28c13a410421893ffa2e32 -> 
  custom:video-decoder-ogg-theora: a1e56fd34408186e4bbccfd4996cb3dc -> 
  custom:container-muxer-webm: aa71ff27fc2769a1b78a27578f13a17b -> 
  custom:container-demuxer-webm: 4f35f7cbe854078d1ac9338744f61a02 -> 
  custom:container-demuxer-ogg: 62fdf1f143b41e24485cea50d1cbac27 -> 
  custom:video-encoder-webm-vp8: eb34c28f22e8b96e1ab97ce403110664 -> 
  custom:video-decoder-webm-vp8: 9c59270c3fd7afecdb556c50c9e8de78 -> 
  custom:audio-decoder-ogg-vorbis: bf7c407c2cedff20999df2af8eb42d56 -> 
  custom:audio-encoder-webm-vorbis: bf7c407c2cedff20999df2af8eb42d56 -> 
========================================================================
Received Prepare
Registering precompiled user dll's ...
Registered in 0.003274 seconds.
Begin MonoManager ReloadAssembly
Native extension for WindowsStandalone target not found
Native extension for WebGL target not found
Refreshing native plugins compatible for Editor in 0.47 ms, found 2 plugins.
Preloading 0 native plugins for Editor in 0.00 ms.
Mono: successfully reloaded assembly
- Completed reload, in  0.696 seconds
Domain Reload Profiling:
	ReloadAssembly (697ms)
		BeginReloadAssembly (76ms)
			ExecutionOrderSort (0ms)
			DisableScriptedObjects (3ms)
			BackupInstance (0ms)
			ReleaseScriptingObjects (0ms)
			CreateAndSetChildDomain (22ms)
		EndReloadAssembly (579ms)
			LoadAssemblies (60ms)
			RebuildTransferFunctionScriptingTraits (0ms)
			SetupTypeCache (195ms)
			ReleaseScriptCaches (1ms)
			RebuildScriptCaches (26ms)
			SetupLoadedEditorAssemblies (208ms)
				LogAssemblyErrors (0ms)
				InitializePlatformSupportModulesInManaged (3ms)
				SetLoadedEditorAssemblies (1ms)
				RefreshPlugins (1ms)
				BeforeProcessingInitializeOnLoad (69ms)
				ProcessInitializeOnLoadAttributes (125ms)
				ProcessInitializeOnLoadMethodAttributes (6ms)
				AfterProcessingInitializeOnLoad (4ms)
				EditorAssembliesLoaded (0ms)
			ExecutionOrderSort2 (0ms)
			AwakeInstancesAfterBackupRestoration (12ms)
Platform modules already initialized, skipping
Refreshing native plugins compatible for Editor in 0.65 ms, found 2 plugins.
Preloading 0 native plugins for Editor in 0.00 ms.
Unloading 3051 Unused Serialized files (Serialized files now loaded: 0)
System memory in use before: 141.2 MB.
System memory in use after: 141.5 MB.

Unloading 15 unused Assets to reduce memory usage. Loaded Objects now: 3733.
Total: 2.264600 ms (FindLiveObjects: 0.172800 ms CreateObjectMapping: 0.079100 ms MarkObjects: 1.999000 ms  DeleteObjects: 0.012900 ms)

AssetImportParameters requested are different than current active one (requested -> active):
  custom:framework-win-MediaFoundation: 216162199b28c13a410421893ffa2e32 -> 
  custom:video-decoder-ogg-theora: a1e56fd34408186e4bbccfd4996cb3dc -> 
  custom:container-muxer-webm: aa71ff27fc2769a1b78a27578f13a17b -> 
  custom:container-demuxer-webm: 4f35f7cbe854078d1ac9338744f61a02 -> 
  custom:container-demuxer-ogg: 62fdf1f143b41e24485cea50d1cbac27 -> 
  custom:video-encoder-webm-vp8: eb34c28f22e8b96e1ab97ce403110664 -> 
  custom:video-decoder-webm-vp8: 9c59270c3fd7afecdb556c50c9e8de78 -> 
  custom:audio-decoder-ogg-vorbis: bf7c407c2cedff20999df2af8eb42d56 -> 
  custom:audio-encoder-webm-vorbis: bf7c407c2cedff20999df2af8eb42d56 -> 
========================================================================
Received Import Request.
  Time since last request: 57.984814 seconds.
  path: Assets/Enemies/Particles/HeadshotParticles 1.prefab
  artifactKey: Guid(0ea20edffcd06704195f7d6f0bb3a7ac) Importer(815301076,1909f56bfc062723c751e8b465ee728b)
Start importing Assets/Enemies/Particles/HeadshotParticles 1.prefab using Guid(0ea20edffcd06704195f7d6f0bb3a7ac) Importer(815301076,1909f56bfc062723c751e8b465ee728b)  -> (artifact id: '8b3592120e02059c4bce9063e2b87df7') in 0.129253 seconds 
  Import took 0.133012 seconds .

========================================================================
Received Import Request.
  Time since last request: 5.736648 seconds.
  path: Assets/Enemies/Particles/BodyshotParticles.prefab
  artifactKey: Guid(0ea20edffcd06704195f7d6f0bb3a7ac) Importer(815301076,1909f56bfc062723c751e8b465ee728b)
Start importing Assets/Enemies/Particles/BodyshotParticles.prefab using Guid(0ea20edffcd06704195f7d6f0bb3a7ac) Importer(815301076,1909f56bfc062723c751e8b465ee728b)  -> (artifact id: '303d9af342804678bd8babc200a2d296') in 0.015132 seconds 
  Import took 0.019443 seconds .

========================================================================
Received Import Request.
  Time since last request: 9.949172 seconds.
  path: Assets/Enemies/Particles/BodyshotParticles.prefab
  artifactKey: Guid(0ea20edffcd06704195f7d6f0bb3a7ac) Importer(815301076,1909f56bfc062723c751e8b465ee728b)
Start importing Assets/Enemies/Particles/BodyshotParticles.prefab using Guid(0ea20edffcd06704195f7d6f0bb3a7ac) Importer(815301076,1909f56bfc062723c751e8b465ee728b)  -> (artifact id: 'd76061f1da5132de79a383121ecae448') in 0.006929 seconds 
  Import took 0.010855 seconds .

========================================================================
Received Import Request.
  Time since last request: 8.429255 seconds.
  path: Assets/Enemies/Particles/BodyshotParticles.prefab
  artifactKey: Guid(0ea20edffcd06704195f7d6f0bb3a7ac) Importer(815301076,1909f56bfc062723c751e8b465ee728b)
Start importing Assets/Enemies/Particles/BodyshotParticles.prefab using Guid(0ea20edffcd06704195f7d6f0bb3a7ac) Importer(815301076,1909f56bfc062723c751e8b465ee728b)  -> (artifact id: '10b9f6022823f62ae98cfa5e79770996') in 0.012619 seconds 
  Import took 0.016733 seconds .

========================================================================
Received Import Request.
  Time since last request: 12.076709 seconds.
  path: Assets/Enemies/Particles/BodyshotParticles.prefab
  artifactKey: Guid(0ea20edffcd06704195f7d6f0bb3a7ac) Importer(815301076,1909f56bfc062723c751e8b465ee728b)
Start importing Assets/Enemies/Particles/BodyshotParticles.prefab using Guid(0ea20edffcd06704195f7d6f0bb3a7ac) Importer(815301076,1909f56bfc062723c751e8b465ee728b)  -> (artifact id: 'dfc557a004b9f652226e1af2be4595d2') in 0.007133 seconds 
  Import took 0.011100 seconds .

========================================================================
Received Import Request.
  Time since last request: 3.231754 seconds.
  path: Assets/Enemies/Particles/BodyshotParticles.prefab
  artifactKey: Guid(0ea20edffcd06704195f7d6f0bb3a7ac) Importer(815301076,1909f56bfc062723c751e8b465ee728b)
Start importing Assets/Enemies/Particles/BodyshotParticles.prefab using Guid(0ea20edffcd06704195f7d6f0bb3a7ac) Importer(815301076,1909f56bfc062723c751e8b465ee728b)  -> (artifact id: '571acac473ee9bd1af200062ca11f39b') in 0.008473 seconds 
  Import took 0.012509 seconds .

========================================================================
Received Import Request.
  Time since last request: 3.821438 seconds.
  path: Assets/Enemies/Particles/BodyshotParticles.prefab
  artifactKey: Guid(0ea20edffcd06704195f7d6f0bb3a7ac) Importer(815301076,1909f56bfc062723c751e8b465ee728b)
Start importing Assets/Enemies/Particles/BodyshotParticles.prefab using Guid(0ea20edffcd06704195f7d6f0bb3a7ac) Importer(815301076,1909f56bfc062723c751e8b465ee728b)  -> (artifact id: '957963969ef473228a9eb4c57268132f') in 0.008129 seconds 
  Import took 0.012455 seconds .

========================================================================
Received Import Request.
  Time since last request: 8.655504 seconds.
  path: Assets/Enemies/Particles/BodyshotParticles.prefab
  artifactKey: Guid(0ea20edffcd06704195f7d6f0bb3a7ac) Importer(815301076,1909f56bfc062723c751e8b465ee728b)
Start importing Assets/Enemies/Particles/BodyshotParticles.prefab using Guid(0ea20edffcd06704195f7d6f0bb3a7ac) Importer(815301076,1909f56bfc062723c751e8b465ee728b)  -> (artifact id: '6848d7b14adea283a99909360846e650') in 0.008196 seconds 
  Import took 0.012646 seconds .

========================================================================
Received Import Request.
  Time since last request: 7.042764 seconds.
  path: Assets/Enemies/Particles/BodyshotParticles.prefab
  artifactKey: Guid(0ea20edffcd06704195f7d6f0bb3a7ac) Importer(815301076,1909f56bfc062723c751e8b465ee728b)
Start importing Assets/Enemies/Particles/BodyshotParticles.prefab using Guid(0ea20edffcd06704195f7d6f0bb3a7ac) Importer(815301076,1909f56bfc062723c751e8b465ee728b)  -> (artifact id: 'edb6a534bd430576a4ca0223426fa826') in 0.007657 seconds 
  Import took 0.011701 seconds .

========================================================================
Received Import Request.
  Time since last request: 9.854914 seconds.
  path: Assets/Enemies/Particles/BodyshotParticles.prefab
  artifactKey: Guid(0ea20edffcd06704195f7d6f0bb3a7ac) Importer(815301076,1909f56bfc062723c751e8b465ee728b)
Start importing Assets/Enemies/Particles/BodyshotParticles.prefab using Guid(0ea20edffcd06704195f7d6f0bb3a7ac) Importer(815301076,1909f56bfc062723c751e8b465ee728b)  -> (artifact id: '9b1e3d76f74c4e375703927f4301c9ac') in 0.009130 seconds 
  Import took 0.014334 seconds .

========================================================================
Received Import Request.
  Time since last request: 24.377179 seconds.
  path: Assets/Enemies/Particles/HeadshotParticles.prefab
  artifactKey: Guid(39d3101662a045f4287e7404ad19b8a5) Importer(815301076,1909f56bfc062723c751e8b465ee728b)
Start importing Assets/Enemies/Particles/HeadshotParticles.prefab using Guid(39d3101662a045f4287e7404ad19b8a5) Importer(815301076,1909f56bfc062723c751e8b465ee728b)  -> (artifact id: 'c7df23b38dcbd6c82051567c6ee95886') in 0.010880 seconds 
  Import took 0.014705 seconds .

========================================================================
Received Import Request.
  Time since last request: 4.966738 seconds.
  path: Assets/Enemies/Particles/HeadshotParticles.prefab
  artifactKey: Guid(39d3101662a045f4287e7404ad19b8a5) Importer(815301076,1909f56bfc062723c751e8b465ee728b)
Start importing Assets/Enemies/Particles/HeadshotParticles.prefab using Guid(39d3101662a045f4287e7404ad19b8a5) Importer(815301076,1909f56bfc062723c751e8b465ee728b)  -> (artifact id: '3e891ad855ce7cbd5f308cb3f1c9401b') in 0.012527 seconds 
  Import took 0.016482 seconds .

========================================================================
Received Import Request.
  Time since last request: 11.919455 seconds.
  path: Assets/Enemies/Particles/HeadshotParticles.prefab
  artifactKey: Guid(39d3101662a045f4287e7404ad19b8a5) Importer(815301076,1909f56bfc062723c751e8b465ee728b)
Start importing Assets/Enemies/Particles/HeadshotParticles.prefab using Guid(39d3101662a045f4287e7404ad19b8a5) Importer(815301076,1909f56bfc062723c751e8b465ee728b)  -> (artifact id: '95d01bde9070f1bbf2f143d28eba3848') in 0.008164 seconds 
  Import took 0.012061 seconds .

========================================================================
Received Import Request.
  Time since last request: 7.037354 seconds.
  path: Assets/Enemies/Particles/HeadshotParticles.prefab
  artifactKey: Guid(39d3101662a045f4287e7404ad19b8a5) Importer(815301076,1909f56bfc062723c751e8b465ee728b)
Start importing Assets/Enemies/Particles/HeadshotParticles.prefab using Guid(39d3101662a045f4287e7404ad19b8a5) Importer(815301076,1909f56bfc062723c751e8b465ee728b)  -> (artifact id: '17cd08f06db5725e91a79ca421c6d5d8') in 0.007852 seconds 
  Import took 0.011813 seconds .

========================================================================
Received Import Request.
  Time since last request: 1.190195 seconds.
  path: Assets/Enemies/Particles/HeadshotParticles.prefab
  artifactKey: Guid(39d3101662a045f4287e7404ad19b8a5) Importer(815301076,1909f56bfc062723c751e8b465ee728b)
Start importing Assets/Enemies/Particles/HeadshotParticles.prefab using Guid(39d3101662a045f4287e7404ad19b8a5) Importer(815301076,1909f56bfc062723c751e8b465ee728b)  -> (artifact id: '7980efc597be6a08a7463276d91c6c3d') in 0.007664 seconds 
  Import took 0.012318 seconds .

========================================================================
Received Import Request.
  Time since last request: 2.906981 seconds.
  path: Assets/Enemies/Particles/HeadshotParticles.prefab
  artifactKey: Guid(39d3101662a045f4287e7404ad19b8a5) Importer(815301076,1909f56bfc062723c751e8b465ee728b)
Start importing Assets/Enemies/Particles/HeadshotParticles.prefab using Guid(39d3101662a045f4287e7404ad19b8a5) Importer(815301076,1909f56bfc062723c751e8b465ee728b)  -> (artifact id: 'e6673d1278e9340b5a8147319bef034e') in 0.007505 seconds 
  Import took 0.012457 seconds .

========================================================================
Received Import Request.
  Time since last request: 3.037361 seconds.
  path: Assets/Enemies/Particles/HeadshotParticles.prefab
  artifactKey: Guid(39d3101662a045f4287e7404ad19b8a5) Importer(815301076,1909f56bfc062723c751e8b465ee728b)
Start importing Assets/Enemies/Particles/HeadshotParticles.prefab using Guid(39d3101662a045f4287e7404ad19b8a5) Importer(815301076,1909f56bfc062723c751e8b465ee728b)  -> (artifact id: '83264bc789ac0f321d6f30b8ea5ded36') in 0.007368 seconds 
  Import took 0.011223 seconds .

========================================================================
Received Import Request.
  Time since last request: 4.218606 seconds.
  path: Assets/Enemies/Particles/HeadshotParticles.prefab
  artifactKey: Guid(39d3101662a045f4287e7404ad19b8a5) Importer(815301076,1909f56bfc062723c751e8b465ee728b)
Start importing Assets/Enemies/Particles/HeadshotParticles.prefab using Guid(39d3101662a045f4287e7404ad19b8a5) Importer(815301076,1909f56bfc062723c751e8b465ee728b)  -> (artifact id: 'bf117904862fb5addc46496ea44a0de0') in 0.008942 seconds 
  Import took 0.013838 seconds .

========================================================================
Received Import Request.
  Time since last request: 5.784085 seconds.
  path: Assets/Enemies/Particles/HeadshotParticles.prefab
  artifactKey: Guid(39d3101662a045f4287e7404ad19b8a5) Importer(815301076,1909f56bfc062723c751e8b465ee728b)
Start importing Assets/Enemies/Particles/HeadshotParticles.prefab using Guid(39d3101662a045f4287e7404ad19b8a5) Importer(815301076,1909f56bfc062723c751e8b465ee728b)  -> (artifact id: '33b51c66851ef3c1637a934fd6f22d60') in 0.008960 seconds 
  Import took 0.013180 seconds .

========================================================================
Received Import Request.
  Time since last request: 3.436138 seconds.
  path: Assets/Enemies/Particles/HeadshotParticles.prefab
  artifactKey: Guid(39d3101662a045f4287e7404ad19b8a5) Importer(815301076,1909f56bfc062723c751e8b465ee728b)
Start importing Assets/Enemies/Particles/HeadshotParticles.prefab using Guid(39d3101662a045f4287e7404ad19b8a5) Importer(815301076,1909f56bfc062723c751e8b465ee728b)  -> (artifact id: '93fc73c00f75426a5c23a510dc4788a5') in 0.008855 seconds 
  Import took 0.013221 seconds .

========================================================================
Received Import Request.
  Time since last request: 6.658591 seconds.
  path: Assets/Enemies/Particles/HeadshotParticles.prefab
  artifactKey: Guid(39d3101662a045f4287e7404ad19b8a5) Importer(815301076,1909f56bfc062723c751e8b465ee728b)
Start importing Assets/Enemies/Particles/HeadshotParticles.prefab using Guid(39d3101662a045f4287e7404ad19b8a5) Importer(815301076,1909f56bfc062723c751e8b465ee728b)  -> (artifact id: 'ef356d591dbd950a2209ad3744a82323') in 0.008254 seconds 
  Import took 0.013217 seconds .

========================================================================
Received Import Request.
  Time since last request: 6.051412 seconds.
  path: Assets/Enemies/Particles/HeadshotParticles.prefab
  artifactKey: Guid(39d3101662a045f4287e7404ad19b8a5) Importer(815301076,1909f56bfc062723c751e8b465ee728b)
Start importing Assets/Enemies/Particles/HeadshotParticles.prefab using Guid(39d3101662a045f4287e7404ad19b8a5) Importer(815301076,1909f56bfc062723c751e8b465ee728b)  -> (artifact id: '92f4b7c086848d2ceb6136cca27a514d') in 0.008254 seconds 
  Import took 0.012343 seconds .

========================================================================
Received Prepare
Registering precompiled user dll's ...
Registered in 0.003376 seconds.
Begin MonoManager ReloadAssembly
Native extension for WindowsStandalone target not found
Native extension for WebGL target not found
Refreshing native plugins compatible for Editor in 0.42 ms, found 2 plugins.
Preloading 0 native plugins for Editor in 0.00 ms.
Mono: successfully reloaded assembly
- Completed reload, in  0.722 seconds
Domain Reload Profiling:
	ReloadAssembly (723ms)
		BeginReloadAssembly (81ms)
			ExecutionOrderSort (0ms)
			DisableScriptedObjects (4ms)
			BackupInstance (0ms)
			ReleaseScriptingObjects (0ms)
			CreateAndSetChildDomain (26ms)
		EndReloadAssembly (603ms)
			LoadAssemblies (61ms)
			RebuildTransferFunctionScriptingTraits (0ms)
			SetupTypeCache (194ms)
			ReleaseScriptCaches (1ms)
			RebuildScriptCaches (26ms)
			SetupLoadedEditorAssemblies (220ms)
				LogAssemblyErrors (0ms)
				InitializePlatformSupportModulesInManaged (3ms)
				SetLoadedEditorAssemblies (0ms)
				RefreshPlugins (0ms)
				BeforeProcessingInitializeOnLoad (77ms)
				ProcessInitializeOnLoadAttributes (129ms)
				ProcessInitializeOnLoadMethodAttributes (6ms)
				AfterProcessingInitializeOnLoad (4ms)
				EditorAssembliesLoaded (0ms)
			ExecutionOrderSort2 (0ms)
			AwakeInstancesAfterBackupRestoration (12ms)
Platform modules already initialized, skipping
Refreshing native plugins compatible for Editor in 0.51 ms, found 2 plugins.
Preloading 0 native plugins for Editor in 0.00 ms.
Unloading 3051 Unused Serialized files (Serialized files now loaded: 0)
System memory in use before: 141.4 MB.
System memory in use after: 141.6 MB.

Unloading 16 unused Assets to reduce memory usage. Loaded Objects now: 3771.
Total: 2.490500 ms (FindLiveObjects: 0.169900 ms CreateObjectMapping: 0.073300 ms MarkObjects: 2.210300 ms  DeleteObjects: 0.036100 ms)

AssetImportParameters requested are different than current active one (requested -> active):
  custom:framework-win-MediaFoundation: 216162199b28c13a410421893ffa2e32 -> 
  custom:video-decoder-ogg-theora: a1e56fd34408186e4bbccfd4996cb3dc -> 
  custom:container-muxer-webm: aa71ff27fc2769a1b78a27578f13a17b -> 
  custom:container-demuxer-webm: 4f35f7cbe854078d1ac9338744f61a02 -> 
  custom:container-demuxer-ogg: 62fdf1f143b41e24485cea50d1cbac27 -> 
  custom:video-encoder-webm-vp8: eb34c28f22e8b96e1ab97ce403110664 -> 
  custom:video-decoder-webm-vp8: 9c59270c3fd7afecdb556c50c9e8de78 -> 
  custom:audio-decoder-ogg-vorbis: bf7c407c2cedff20999df2af8eb42d56 -> 
  custom:audio-encoder-webm-vorbis: bf7c407c2cedff20999df2af8eb42d56 -> 
========================================================================
Received Prepare
Registering precompiled user dll's ...
Registered in 0.003153 seconds.
Begin MonoManager ReloadAssembly
Native extension for WindowsStandalone target not found
Native extension for WebGL target not found
Refreshing native plugins compatible for Editor in 0.46 ms, found 2 plugins.
Preloading 0 native plugins for Editor in 0.00 ms.
Mono: successfully reloaded assembly
- Completed reload, in  0.698 seconds
Domain Reload Profiling:
	ReloadAssembly (698ms)
		BeginReloadAssembly (89ms)
			ExecutionOrderSort (0ms)
			DisableScriptedObjects (3ms)
			BackupInstance (0ms)
			ReleaseScriptingObjects (0ms)
			CreateAndSetChildDomain (21ms)
		EndReloadAssembly (570ms)
			LoadAssemblies (57ms)
			RebuildTransferFunctionScriptingTraits (0ms)
			SetupTypeCache (195ms)
			ReleaseScriptCaches (1ms)
			RebuildScriptCaches (26ms)
			SetupLoadedEditorAssemblies (204ms)
				LogAssemblyErrors (0ms)
				InitializePlatformSupportModulesInManaged (4ms)
				SetLoadedEditorAssemblies (0ms)
				RefreshPlugins (0ms)
				BeforeProcessingInitializeOnLoad (68ms)
				ProcessInitializeOnLoadAttributes (121ms)
				ProcessInitializeOnLoadMethodAttributes (5ms)
				AfterProcessingInitializeOnLoad (4ms)
				EditorAssembliesLoaded (0ms)
			ExecutionOrderSort2 (0ms)
			AwakeInstancesAfterBackupRestoration (11ms)
Platform modules already initialized, skipping
Refreshing native plugins compatible for Editor in 0.43 ms, found 2 plugins.
Preloading 0 native plugins for Editor in 0.00 ms.
Unloading 3051 Unused Serialized files (Serialized files now loaded: 0)
System memory in use before: 141.4 MB.
System memory in use after: 141.6 MB.

Unloading 15 unused Assets to reduce memory usage. Loaded Objects now: 3773.
Total: 2.242600 ms (FindLiveObjects: 0.175700 ms CreateObjectMapping: 0.067700 ms MarkObjects: 1.986300 ms  DeleteObjects: 0.012000 ms)

AssetImportParameters requested are different than current active one (requested -> active):
  custom:framework-win-MediaFoundation: 216162199b28c13a410421893ffa2e32 -> 
  custom:video-decoder-ogg-theora: a1e56fd34408186e4bbccfd4996cb3dc -> 
  custom:container-muxer-webm: aa71ff27fc2769a1b78a27578f13a17b -> 
  custom:container-demuxer-webm: 4f35f7cbe854078d1ac9338744f61a02 -> 
  custom:container-demuxer-ogg: 62fdf1f143b41e24485cea50d1cbac27 -> 
  custom:video-encoder-webm-vp8: eb34c28f22e8b96e1ab97ce403110664 -> 
  custom:video-decoder-webm-vp8: 9c59270c3fd7afecdb556c50c9e8de78 -> 
  custom:audio-decoder-ogg-vorbis: bf7c407c2cedff20999df2af8eb42d56 -> 
  custom:audio-encoder-webm-vorbis: bf7c407c2cedff20999df2af8eb42d56 -> 
========================================================================
Received Import Request.
  Time since last request: 138.103197 seconds.
  path: Assets/Enemies/Particles/BodyshotParticles.prefab
  artifactKey: Guid(0ea20edffcd06704195f7d6f0bb3a7ac) Importer(815301076,1909f56bfc062723c751e8b465ee728b)
Start importing Assets/Enemies/Particles/BodyshotParticles.prefab using Guid(0ea20edffcd06704195f7d6f0bb3a7ac) Importer(815301076,1909f56bfc062723c751e8b465ee728b)  -> (artifact id: '28f729e04bc0343029b8eced5bb60f68') in 0.131719 seconds 
  Import took 0.135411 seconds .

========================================================================
Received Prepare
Registering precompiled user dll's ...
Registered in 0.003107 seconds.
Begin MonoManager ReloadAssembly
Native extension for WindowsStandalone target not found
Native extension for WebGL target not found
Refreshing native plugins compatible for Editor in 0.44 ms, found 2 plugins.
Preloading 0 native plugins for Editor in 0.00 ms.
Mono: successfully reloaded assembly
- Completed reload, in  0.779 seconds
Domain Reload Profiling:
	ReloadAssembly (779ms)
		BeginReloadAssembly (97ms)
			ExecutionOrderSort (0ms)
			DisableScriptedObjects (5ms)
			BackupInstance (0ms)
			ReleaseScriptingObjects (0ms)
			CreateAndSetChildDomain (31ms)
		EndReloadAssembly (638ms)
			LoadAssemblies (68ms)
			RebuildTransferFunctionScriptingTraits (0ms)
			SetupTypeCache (215ms)
			ReleaseScriptCaches (1ms)
			RebuildScriptCaches (29ms)
			SetupLoadedEditorAssemblies (227ms)
				LogAssemblyErrors (0ms)
				InitializePlatformSupportModulesInManaged (4ms)
				SetLoadedEditorAssemblies (0ms)
				RefreshPlugins (0ms)
				BeforeProcessingInitializeOnLoad (72ms)
				ProcessInitializeOnLoadAttributes (139ms)
				ProcessInitializeOnLoadMethodAttributes (6ms)
				AfterProcessingInitializeOnLoad (5ms)
				EditorAssembliesLoaded (0ms)
			ExecutionOrderSort2 (0ms)
			AwakeInstancesAfterBackupRestoration (12ms)
Platform modules already initialized, skipping
Refreshing native plugins compatible for Editor in 0.43 ms, found 2 plugins.
Preloading 0 native plugins for Editor in 0.00 ms.
Unloading 3051 Unused Serialized files (Serialized files now loaded: 0)
System memory in use before: 141.5 MB.
System memory in use after: 141.8 MB.

Unloading 16 unused Assets to reduce memory usage. Loaded Objects now: 3811.
Total: 2.299200 ms (FindLiveObjects: 0.181100 ms CreateObjectMapping: 0.066800 ms MarkObjects: 2.019500 ms  DeleteObjects: 0.030600 ms)

AssetImportParameters requested are different than current active one (requested -> active):
  custom:framework-win-MediaFoundation: 216162199b28c13a410421893ffa2e32 -> 
  custom:video-decoder-ogg-theora: a1e56fd34408186e4bbccfd4996cb3dc -> 
  custom:container-muxer-webm: aa71ff27fc2769a1b78a27578f13a17b -> 
  custom:container-demuxer-webm: 4f35f7cbe854078d1ac9338744f61a02 -> 
  custom:container-demuxer-ogg: 62fdf1f143b41e24485cea50d1cbac27 -> 
  custom:video-encoder-webm-vp8: eb34c28f22e8b96e1ab97ce403110664 -> 
  custom:video-decoder-webm-vp8: 9c59270c3fd7afecdb556c50c9e8de78 -> 
  custom:audio-decoder-ogg-vorbis: bf7c407c2cedff20999df2af8eb42d56 -> 
  custom:audio-encoder-webm-vorbis: bf7c407c2cedff20999df2af8eb42d56 -> 
========================================================================
Received Import Request.
  Time since last request: 17.334583 seconds.
  path: Assets/Enemies/Particles/BodyshotParticles.prefab
  artifactKey: Guid(0ea20edffcd06704195f7d6f0bb3a7ac) Importer(815301076,1909f56bfc062723c751e8b465ee728b)
Start importing Assets/Enemies/Particles/BodyshotParticles.prefab using Guid(0ea20edffcd06704195f7d6f0bb3a7ac) Importer(815301076,1909f56bfc062723c751e8b465ee728b)  -> (artifact id: '9ae47afed897ca65cf117cfc7057a63b') in 0.128447 seconds 
  Import took 0.132227 seconds .

========================================================================
Received Prepare
Registering precompiled user dll's ...
Registered in 0.002993 seconds.
Begin MonoManager ReloadAssembly
Native extension for WindowsStandalone target not found
Native extension for WebGL target not found
Refreshing native plugins compatible for Editor in 0.57 ms, found 2 plugins.
Preloading 0 native plugins for Editor in 0.00 ms.
Mono: successfully reloaded assembly
- Completed reload, in  0.742 seconds
Domain Reload Profiling:
	ReloadAssembly (742ms)
		BeginReloadAssembly (90ms)
			ExecutionOrderSort (0ms)
			DisableScriptedObjects (4ms)
			BackupInstance (0ms)
			ReleaseScriptingObjects (0ms)
			CreateAndSetChildDomain (28ms)
		EndReloadAssembly (610ms)
			LoadAssemblies (64ms)
			RebuildTransferFunctionScriptingTraits (0ms)
			SetupTypeCache (198ms)
			ReleaseScriptCaches (1ms)
			RebuildScriptCaches (40ms)
			SetupLoadedEditorAssemblies (214ms)
				LogAssemblyErrors (0ms)
				InitializePlatformSupportModulesInManaged (4ms)
				SetLoadedEditorAssemblies (0ms)
				RefreshPlugins (1ms)
				BeforeProcessingInitializeOnLoad (67ms)
				ProcessInitializeOnLoadAttributes (132ms)
				ProcessInitializeOnLoadMethodAttributes (6ms)
				AfterProcessingInitializeOnLoad (4ms)
				EditorAssembliesLoaded (0ms)
			ExecutionOrderSort2 (0ms)
			AwakeInstancesAfterBackupRestoration (12ms)
Platform modules already initialized, skipping
Refreshing native plugins compatible for Editor in 0.43 ms, found 2 plugins.
Preloading 0 native plugins for Editor in 0.00 ms.
Unloading 3051 Unused Serialized files (Serialized files now loaded: 0)
System memory in use before: 141.7 MB.
System memory in use after: 141.9 MB.

Unloading 16 unused Assets to reduce memory usage. Loaded Objects now: 3849.
Total: 2.724000 ms (FindLiveObjects: 0.302800 ms CreateObjectMapping: 0.133100 ms MarkObjects: 2.256900 ms  DeleteObjects: 0.030100 ms)

AssetImportParameters requested are different than current active one (requested -> active):
  custom:framework-win-MediaFoundation: 216162199b28c13a410421893ffa2e32 -> 
  custom:video-decoder-ogg-theora: a1e56fd34408186e4bbccfd4996cb3dc -> 
  custom:container-muxer-webm: aa71ff27fc2769a1b78a27578f13a17b -> 
  custom:container-demuxer-webm: 4f35f7cbe854078d1ac9338744f61a02 -> 
  custom:container-demuxer-ogg: 62fdf1f143b41e24485cea50d1cbac27 -> 
  custom:video-encoder-webm-vp8: eb34c28f22e8b96e1ab97ce403110664 -> 
  custom:video-decoder-webm-vp8: 9c59270c3fd7afecdb556c50c9e8de78 -> 
  custom:audio-decoder-ogg-vorbis: bf7c407c2cedff20999df2af8eb42d56 -> 
  custom:audio-encoder-webm-vorbis: bf7c407c2cedff20999df2af8eb42d56 -> 
========================================================================
Received Import Request.
  Time since last request: 16.526326 seconds.
  path: Assets/Enemies/Particles/BodyshotParticles.prefab
  artifactKey: Guid(0ea20edffcd06704195f7d6f0bb3a7ac) Importer(815301076,1909f56bfc062723c751e8b465ee728b)
Start importing Assets/Enemies/Particles/BodyshotParticles.prefab using Guid(0ea20edffcd06704195f7d6f0bb3a7ac) Importer(815301076,1909f56bfc062723c751e8b465ee728b)  -> (artifact id: '37021c56c825a3e0f3be740330ca8f87') in 0.117478 seconds 
  Import took 0.121292 seconds .

========================================================================
Received Import Request.
  Time since last request: 0.382933 seconds.
  path: Assets/Enemies/Particles/BodyshotParticles.prefab
  artifactKey: Guid(0ea20edffcd06704195f7d6f0bb3a7ac) Importer(815301076,1909f56bfc062723c751e8b465ee728b)
Start importing Assets/Enemies/Particles/BodyshotParticles.prefab using Guid(0ea20edffcd06704195f7d6f0bb3a7ac) Importer(815301076,1909f56bfc062723c751e8b465ee728b)  -> (artifact id: '993492e198a910b8516fa6369e4fd4a4') in 0.006846 seconds 
  Import took 0.010974 seconds .

========================================================================
Received Prepare
Registering precompiled user dll's ...
Registered in 0.002991 seconds.
Begin MonoManager ReloadAssembly
Native extension for WindowsStandalone target not found
Native extension for WebGL target not found
Refreshing native plugins compatible for Editor in 0.49 ms, found 2 plugins.
Preloading 0 native plugins for Editor in 0.00 ms.
Mono: successfully reloaded assembly
- Completed reload, in  0.728 seconds
Domain Reload Profiling:
	ReloadAssembly (729ms)
		BeginReloadAssembly (94ms)
			ExecutionOrderSort (0ms)
			DisableScriptedObjects (4ms)
			BackupInstance (0ms)
			ReleaseScriptingObjects (0ms)
			CreateAndSetChildDomain (28ms)
		EndReloadAssembly (594ms)
			LoadAssemblies (64ms)
			RebuildTransferFunctionScriptingTraits (0ms)
			SetupTypeCache (200ms)
			ReleaseScriptCaches (1ms)
			RebuildScriptCaches (29ms)
			SetupLoadedEditorAssemblies (212ms)
				LogAssemblyErrors (0ms)
				InitializePlatformSupportModulesInManaged (3ms)
				SetLoadedEditorAssemblies (0ms)
				RefreshPlugins (1ms)
				BeforeProcessingInitializeOnLoad (68ms)
				ProcessInitializeOnLoadAttributes (129ms)
				ProcessInitializeOnLoadMethodAttributes (6ms)
				AfterProcessingInitializeOnLoad (4ms)
				EditorAssembliesLoaded (0ms)
			ExecutionOrderSort2 (0ms)
			AwakeInstancesAfterBackupRestoration (12ms)
Platform modules already initialized, skipping
Refreshing native plugins compatible for Editor in 0.43 ms, found 2 plugins.
Preloading 0 native plugins for Editor in 0.00 ms.
Unloading 3051 Unused Serialized files (Serialized files now loaded: 0)
System memory in use before: 141.8 MB.
System memory in use after: 142.0 MB.

Unloading 16 unused Assets to reduce memory usage. Loaded Objects now: 3887.
Total: 2.290000 ms (FindLiveObjects: 0.172100 ms CreateObjectMapping: 0.073200 ms MarkObjects: 2.017400 ms  DeleteObjects: 0.026600 ms)

AssetImportParameters requested are different than current active one (requested -> active):
  custom:framework-win-MediaFoundation: 216162199b28c13a410421893ffa2e32 -> 
  custom:video-decoder-ogg-theora: a1e56fd34408186e4bbccfd4996cb3dc -> 
  custom:container-muxer-webm: aa71ff27fc2769a1b78a27578f13a17b -> 
  custom:container-demuxer-webm: 4f35f7cbe854078d1ac9338744f61a02 -> 
  custom:container-demuxer-ogg: 62fdf1f143b41e24485cea50d1cbac27 -> 
  custom:video-encoder-webm-vp8: eb34c28f22e8b96e1ab97ce403110664 -> 
  custom:video-decoder-webm-vp8: 9c59270c3fd7afecdb556c50c9e8de78 -> 
  custom:audio-decoder-ogg-vorbis: bf7c407c2cedff20999df2af8eb42d56 -> 
  custom:audio-encoder-webm-vorbis: bf7c407c2cedff20999df2af8eb42d56 -> 
========================================================================
Received Import Request.
  Time since last request: 18.308225 seconds.
  path: Assets/Enemies/Particles/BodyshotParticles.prefab
  artifactKey: Guid(0ea20edffcd06704195f7d6f0bb3a7ac) Importer(815301076,1909f56bfc062723c751e8b465ee728b)
Start importing Assets/Enemies/Particles/BodyshotParticles.prefab using Guid(0ea20edffcd06704195f7d6f0bb3a7ac) Importer(815301076,1909f56bfc062723c751e8b465ee728b)  -> (artifact id: 'a18ff630b65d7b8409c46560b21677a2') in 0.119893 seconds 
  Import took 0.123699 seconds .

========================================================================
Received Import Request.
  Time since last request: 2.924649 seconds.
  path: Assets/Enemies/Particles/BodyshotParticles.prefab
  artifactKey: Guid(0ea20edffcd06704195f7d6f0bb3a7ac) Importer(815301076,1909f56bfc062723c751e8b465ee728b)
Start importing Assets/Enemies/Particles/BodyshotParticles.prefab using Guid(0ea20edffcd06704195f7d6f0bb3a7ac) Importer(815301076,1909f56bfc062723c751e8b465ee728b)  -> (artifact id: 'd8c9d7508cb3d118f396f65e19ac05a3') in 0.007846 seconds 
  Import took 0.011927 seconds .

========================================================================
Received Prepare
Registering precompiled user dll's ...
Registered in 0.003255 seconds.
Begin MonoManager ReloadAssembly
Native extension for WindowsStandalone target not found
Native extension for WebGL target not found
Refreshing native plugins compatible for Editor in 0.61 ms, found 2 plugins.
Preloading 0 native plugins for Editor in 0.00 ms.
Mono: successfully reloaded assembly
- Completed reload, in  0.754 seconds
Domain Reload Profiling:
	ReloadAssembly (754ms)
		BeginReloadAssembly (102ms)
			ExecutionOrderSort (0ms)
			DisableScriptedObjects (6ms)
			BackupInstance (0ms)
			ReleaseScriptingObjects (0ms)
			CreateAndSetChildDomain (29ms)
		EndReloadAssembly (609ms)
			LoadAssemblies (66ms)
			RebuildTransferFunctionScriptingTraits (0ms)
			SetupTypeCache (200ms)
			ReleaseScriptCaches (1ms)
			RebuildScriptCaches (28ms)
			SetupLoadedEditorAssemblies (218ms)
				LogAssemblyErrors (0ms)
				InitializePlatformSupportModulesInManaged (3ms)
				SetLoadedEditorAssemblies (0ms)
				RefreshPlugins (1ms)
				BeforeProcessingInitializeOnLoad (72ms)
				ProcessInitializeOnLoadAttributes (131ms)
				ProcessInitializeOnLoadMethodAttributes (5ms)
				AfterProcessingInitializeOnLoad (5ms)
				EditorAssembliesLoaded (0ms)
			ExecutionOrderSort2 (0ms)
			AwakeInstancesAfterBackupRestoration (13ms)
Platform modules already initialized, skipping
Refreshing native plugins compatible for Editor in 0.42 ms, found 2 plugins.
Preloading 0 native plugins for Editor in 0.00 ms.
Unloading 3051 Unused Serialized files (Serialized files now loaded: 0)
System memory in use before: 141.9 MB.
System memory in use after: 142.1 MB.

Unloading 16 unused Assets to reduce memory usage. Loaded Objects now: 3925.
Total: 2.436400 ms (FindLiveObjects: 0.187000 ms CreateObjectMapping: 0.073800 ms MarkObjects: 2.146000 ms  DeleteObjects: 0.028800 ms)

AssetImportParameters requested are different than current active one (requested -> active):
  custom:framework-win-MediaFoundation: 216162199b28c13a410421893ffa2e32 -> 
  custom:video-decoder-ogg-theora: a1e56fd34408186e4bbccfd4996cb3dc -> 
  custom:container-muxer-webm: aa71ff27fc2769a1b78a27578f13a17b -> 
  custom:container-demuxer-webm: 4f35f7cbe854078d1ac9338744f61a02 -> 
  custom:container-demuxer-ogg: 62fdf1f143b41e24485cea50d1cbac27 -> 
  custom:video-encoder-webm-vp8: eb34c28f22e8b96e1ab97ce403110664 -> 
  custom:video-decoder-webm-vp8: 9c59270c3fd7afecdb556c50c9e8de78 -> 
  custom:audio-decoder-ogg-vorbis: bf7c407c2cedff20999df2af8eb42d56 -> 
  custom:audio-encoder-webm-vorbis: bf7c407c2cedff20999df2af8eb42d56 -> 
========================================================================
Received Import Request.
  Time since last request: 12.074671 seconds.
  path: Assets/Enemies/Particles/BodyshotParticles.prefab
  artifactKey: Guid(0ea20edffcd06704195f7d6f0bb3a7ac) Importer(815301076,1909f56bfc062723c751e8b465ee728b)
Start importing Assets/Enemies/Particles/BodyshotParticles.prefab using Guid(0ea20edffcd06704195f7d6f0bb3a7ac) Importer(815301076,1909f56bfc062723c751e8b465ee728b)  -> (artifact id: '825f42b07998554c5850bd04f70ae97e') in 0.116495 seconds 
  Import took 0.120502 seconds .

========================================================================
Received Import Request.
  Time since last request: 6.232599 seconds.
  path: Assets/Enemies/Particles/BodyshotParticles.prefab
  artifactKey: Guid(0ea20edffcd06704195f7d6f0bb3a7ac) Importer(815301076,1909f56bfc062723c751e8b465ee728b)
Start importing Assets/Enemies/Particles/BodyshotParticles.prefab using Guid(0ea20edffcd06704195f7d6f0bb3a7ac) Importer(815301076,1909f56bfc062723c751e8b465ee728b)  -> (artifact id: '25ee1e8a984092bd7c8881a98eec1daf') in 0.007852 seconds 
  Import took 0.011738 seconds .

========================================================================
Received Prepare
Registering precompiled user dll's ...
Registered in 0.003159 seconds.
Begin MonoManager ReloadAssembly
Native extension for WindowsStandalone target not found
Native extension for WebGL target not found
Refreshing native plugins compatible for Editor in 0.47 ms, found 2 plugins.
Preloading 0 native plugins for Editor in 0.00 ms.
Mono: successfully reloaded assembly
- Completed reload, in  0.738 seconds
Domain Reload Profiling:
	ReloadAssembly (738ms)
		BeginReloadAssembly (98ms)
			ExecutionOrderSort (0ms)
			DisableScriptedObjects (5ms)
			BackupInstance (0ms)
			ReleaseScriptingObjects (0ms)
			CreateAndSetChildDomain (25ms)
		EndReloadAssembly (600ms)
			LoadAssemblies (63ms)
			RebuildTransferFunctionScriptingTraits (0ms)
			SetupTypeCache (201ms)
			ReleaseScriptCaches (1ms)
			RebuildScriptCaches (28ms)
			SetupLoadedEditorAssemblies (213ms)
				LogAssemblyErrors (0ms)
				InitializePlatformSupportModulesInManaged (3ms)
				SetLoadedEditorAssemblies (0ms)
				RefreshPlugins (1ms)
				BeforeProcessingInitializeOnLoad (70ms)
				ProcessInitializeOnLoadAttributes (128ms)
				ProcessInitializeOnLoadMethodAttributes (7ms)
				AfterProcessingInitializeOnLoad (4ms)
				EditorAssembliesLoaded (0ms)
			ExecutionOrderSort2 (0ms)
			AwakeInstancesAfterBackupRestoration (13ms)
Platform modules already initialized, skipping
Refreshing native plugins compatible for Editor in 0.43 ms, found 2 plugins.
Preloading 0 native plugins for Editor in 0.00 ms.
Unloading 3051 Unused Serialized files (Serialized files now loaded: 0)
System memory in use before: 142.1 MB.
System memory in use after: 142.4 MB.

Unloading 16 unused Assets to reduce memory usage. Loaded Objects now: 3963.
Total: 3.144100 ms (FindLiveObjects: 0.214100 ms CreateObjectMapping: 0.111100 ms MarkObjects: 2.783500 ms  DeleteObjects: 0.034100 ms)

AssetImportParameters requested are different than current active one (requested -> active):
  custom:framework-win-MediaFoundation: 216162199b28c13a410421893ffa2e32 -> 
  custom:video-decoder-ogg-theora: a1e56fd34408186e4bbccfd4996cb3dc -> 
  custom:container-muxer-webm: aa71ff27fc2769a1b78a27578f13a17b -> 
  custom:container-demuxer-webm: 4f35f7cbe854078d1ac9338744f61a02 -> 
  custom:container-demuxer-ogg: 62fdf1f143b41e24485cea50d1cbac27 -> 
  custom:video-encoder-webm-vp8: eb34c28f22e8b96e1ab97ce403110664 -> 
  custom:video-decoder-webm-vp8: 9c59270c3fd7afecdb556c50c9e8de78 -> 
  custom:audio-decoder-ogg-vorbis: bf7c407c2cedff20999df2af8eb42d56 -> 
  custom:audio-encoder-webm-vorbis: bf7c407c2cedff20999df2af8eb42d56 -> 
AssetImportWorkerClient::OnTransportError - code=2 error=End of file
